d:\guildhall\p4\c25\students\rscarver\projects\engine\code\quantum\debug\quantum.pdb
d:\guildhall\p4\c25\students\rscarver\projects\engine\code\quantum\debug\quantum.idb
d:\guildhall\p4\c25\students\rscarver\projects\engine\code\quantum\debug\string.obj
d:\guildhall\p4\c25\students\rscarver\projects\sd6\netsession\debug\quantum\quantum.lib
d:\guildhall\p4\c25\students\rscarver\projects\sd6\netsession\debug\quantum\quantum.pdb
d:\guildhall\p4\c25\students\rscarver\projects\engine\code\quantum\debug\priconfig.xml
d:\guildhall\p4\c25\students\rscarver\projects\engine\code\quantum\debug\priconfig.xml.intermediate
d:\guildhall\p4\c25\students\rscarver\projects\engine\code\quantum\debug\layout.resfiles
d:\guildhall\p4\c25\students\rscarver\projects\engine\code\quantum\debug\layout.resfiles.intermediate
d:\guildhall\p4\c25\students\rscarver\projects\engine\code\quantum\debug\resources.resfiles
d:\guildhall\p4\c25\students\rscarver\projects\engine\code\quantum\debug\resources.resfiles.intermediate
d:\guildhall\p4\c25\students\rscarver\projects\engine\code\quantum\debug\pri.resfiles
d:\guildhall\p4\c25\students\rscarver\projects\engine\code\quantum\debug\pri.resfiles.intermediate
d:\guildhall\p4\c25\students\rscarver\projects\sd6\netsession\debug\quantum\quantum.pri
d:\guildhall\p4\c25\students\rscarver\projects\engine\code\quantum\debug\qualifiers.txt
d:\guildhall\p4\c25\students\rscarver\projects\engine\code\quantum\debug\qualifiers.txt.intermediate
d:\guildhall\p4\c25\students\rscarver\projects\engine\code\quantum\debug\multiplequalifiersperdimensionfound.txt
d:\guildhall\p4\c25\students\rscarver\projects\engine\code\quantum\debug\embed.resfiles
d:\guildhall\p4\c25\students\rscarver\projects\engine\code\quantum\debug\quantum.tlog\cl.command.1.tlog
d:\guildhall\p4\c25\students\rscarver\projects\engine\code\quantum\debug\quantum.tlog\cl.read.1.tlog
d:\guildhall\p4\c25\students\rscarver\projects\engine\code\quantum\debug\quantum.tlog\cl.write.1.tlog
d:\guildhall\p4\c25\students\rscarver\projects\engine\code\quantum\debug\quantum.tlog\lib-link.read.1.tlog
d:\guildhall\p4\c25\students\rscarver\projects\engine\code\quantum\debug\quantum.tlog\lib-link.write.1.tlog
d:\guildhall\p4\c25\students\rscarver\projects\engine\code\quantum\debug\quantum.tlog\lib.command.1.tlog
d:\guildhall\p4\c25\students\rscarver\projects\engine\code\quantum\debug\quantum.tlog\quantum.read.1u.tlog
d:\guildhall\p4\c25\students\rscarver\projects\engine\code\quantum\debug\quantum.tlog\quantum.write.1u.tlog
