d:\guildhall\p4\c25\students\rscarver\projects\engine\code\quantum\x64\debug\quantum.pdb
d:\guildhall\p4\c25\students\rscarver\projects\engine\code\quantum\x64\debug\quantum.idb
d:\guildhall\p4\c25\students\rscarver\projects\engine\code\quantum\x64\debug\string.obj
d:\guildhall\p4\c25\students\rscarver\projects\thesis\artifact\x64\debug\quantum\quantum.lib
d:\guildhall\p4\c25\students\rscarver\projects\thesis\artifact\x64\debug\quantum\quantum.pdb
d:\guildhall\p4\c25\students\rscarver\projects\engine\code\quantum\x64\debug\priconfig.xml
d:\guildhall\p4\c25\students\rscarver\projects\engine\code\quantum\x64\debug\priconfig.xml.intermediate
d:\guildhall\p4\c25\students\rscarver\projects\engine\code\quantum\x64\debug\layout.resfiles
d:\guildhall\p4\c25\students\rscarver\projects\engine\code\quantum\x64\debug\layout.resfiles.intermediate
d:\guildhall\p4\c25\students\rscarver\projects\engine\code\quantum\x64\debug\resources.resfiles
d:\guildhall\p4\c25\students\rscarver\projects\engine\code\quantum\x64\debug\resources.resfiles.intermediate
d:\guildhall\p4\c25\students\rscarver\projects\engine\code\quantum\x64\debug\pri.resfiles
d:\guildhall\p4\c25\students\rscarver\projects\engine\code\quantum\x64\debug\pri.resfiles.intermediate
d:\guildhall\p4\c25\students\rscarver\projects\thesis\artifact\x64\debug\quantum\quantum.pri
d:\guildhall\p4\c25\students\rscarver\projects\engine\code\quantum\x64\debug\qualifiers.txt
d:\guildhall\p4\c25\students\rscarver\projects\engine\code\quantum\x64\debug\qualifiers.txt.intermediate
d:\guildhall\p4\c25\students\rscarver\projects\engine\code\quantum\x64\debug\multiplequalifiersperdimensionfound.txt
d:\guildhall\p4\c25\students\rscarver\projects\engine\code\quantum\x64\debug\embed.resfiles
d:\guildhall\p4\c25\students\rscarver\projects\engine\code\quantum\x64\debug\quantum.tlog\cl.command.1.tlog
d:\guildhall\p4\c25\students\rscarver\projects\engine\code\quantum\x64\debug\quantum.tlog\cl.read.1.tlog
d:\guildhall\p4\c25\students\rscarver\projects\engine\code\quantum\x64\debug\quantum.tlog\cl.write.1.tlog
d:\guildhall\p4\c25\students\rscarver\projects\engine\code\quantum\x64\debug\quantum.tlog\lib-link.read.1.tlog
d:\guildhall\p4\c25\students\rscarver\projects\engine\code\quantum\x64\debug\quantum.tlog\lib-link.write.1.tlog
d:\guildhall\p4\c25\students\rscarver\projects\engine\code\quantum\x64\debug\quantum.tlog\lib.command.1.tlog
d:\guildhall\p4\c25\students\rscarver\projects\engine\code\quantum\x64\debug\quantum.tlog\quantum.read.1u.tlog
d:\guildhall\p4\c25\students\rscarver\projects\engine\code\quantum\x64\debug\quantum.tlog\quantum.write.1u.tlog
